<?xml version="1.0" encoding="UTF-8"?>
<testng-results skipped="0" failed="0" ignored="0" total="1" passed="1">
  <reporter-output>
  </reporter-output>
  <suite name="Default suite" duration-ms="2247" started-at="2020-02-08T12:49:55 IST" finished-at="2020-02-08T12:49:57 IST">
    <groups>
    </groups>
    <test name="Default test" duration-ms="2247" started-at="2020-02-08T12:49:55 IST" finished-at="2020-02-08T12:49:57 IST">
      <class name="RestAssured.RestAssured.get002">
        <test-method status="PASS" signature="getweatherDetails()[pri:0, instance:RestAssured.RestAssured.get002@2a17b7b6]" name="getweatherDetails" duration-ms="2207" started-at="2020-02-08T12:49:55 IST" finished-at="2020-02-08T12:49:57 IST">
          <reporter-output>
          </reporter-output>
        </test-method> <!-- getweatherDetails -->
      </class> <!-- RestAssured.RestAssured.get002 -->
    </test> <!-- Default test -->
  </suite> <!-- Default suite -->
</testng-results>
